{"total": {"lines":{"total":159,"covered":115,"skipped":0,"pct":72.33},"statements":{"total":172,"covered":117,"skipped":0,"pct":68.02},"functions":{"total":21,"covered":18,"skipped":0,"pct":85.71},"branches":{"total":74,"covered":39,"skipped":0,"pct":52.7}}
,"/Users/donald/Project/browser-image-compression/lib/image-compression.js": {"lines":{"total":31,"covered":23,"skipped":0,"pct":74.19},"functions":{"total":1,"covered":1,"skipped":0,"pct":100},"statements":{"total":31,"covered":23,"skipped":0,"pct":74.19},"branches":{"total":18,"covered":13,"skipped":0,"pct":72.22}}
,"/Users/donald/Project/browser-image-compression/lib/index.js": {"lines":{"total":25,"covered":22,"skipped":0,"pct":88},"functions":{"total":1,"covered":1,"skipped":0,"pct":100},"statements":{"total":25,"covered":22,"skipped":0,"pct":88},"branches":{"total":17,"covered":12,"skipped":0,"pct":70.59}}
,"/Users/donald/Project/browser-image-compression/lib/utils.js": {"lines":{"total":103,"covered":70,"skipped":0,"pct":67.96},"functions":{"total":19,"covered":16,"skipped":0,"pct":84.21},"statements":{"total":116,"covered":72,"skipped":0,"pct":62.07},"branches":{"total":39,"covered":14,"skipped":0,"pct":35.9}}
}
