{"total": {"lines":{"total":256,"covered":196,"skipped":0,"pct":76.56},"statements":{"total":264,"covered":199,"skipped":0,"pct":75.38},"functions":{"total":29,"covered":26,"skipped":0,"pct":89.66},"branches":{"total":122,"covered":74,"skipped":0,"pct":60.66}}
,"D:\\Projects\\browser-image-compression\\lib\\image-compression.js": {"lines":{"total":47,"covered":47,"skipped":0,"pct":100},"functions":{"total":3,"covered":3,"skipped":0,"pct":100},"statements":{"total":47,"covered":47,"skipped":0,"pct":100},"branches":{"total":23,"covered":19,"skipped":0,"pct":82.61}}
,"D:\\Projects\\browser-image-compression\\lib\\index.js": {"lines":{"total":42,"covered":36,"skipped":0,"pct":85.71},"functions":{"total":2,"covered":2,"skipped":0,"pct":100},"statements":{"total":42,"covered":36,"skipped":0,"pct":85.71},"branches":{"total":24,"covered":16,"skipped":0,"pct":66.67}}
,"D:\\Projects\\browser-image-compression\\lib\\polyfill.js": {"lines":{"total":0,"covered":0,"skipped":0,"pct":100},"functions":{"total":0,"covered":0,"skipped":0,"pct":100},"statements":{"total":0,"covered":0,"skipped":0,"pct":100},"branches":{"total":0,"covered":0,"skipped":0,"pct":100}}
,"D:\\Projects\\browser-image-compression\\lib\\utils.js": {"lines":{"total":167,"covered":113,"skipped":0,"pct":67.66},"functions":{"total":24,"covered":21,"skipped":0,"pct":87.5},"statements":{"total":175,"covered":116,"skipped":0,"pct":66.29},"branches":{"total":75,"covered":39,"skipped":0,"pct":52}}
,"D:\\Projects\\browser-image-compression\\lib\\config\\max-canvas-size.js": {"lines":{"total":0,"covered":0,"skipped":0,"pct":100},"functions":{"total":0,"covered":0,"skipped":0,"pct":100},"statements":{"total":0,"covered":0,"skipped":0,"pct":100},"branches":{"total":0,"covered":0,"skipped":0,"pct":100}}
}
