{"/Users/donald/Project/browser-image-compression/lib/image-compression.js": {"path":"/Users/donald/Project/browser-image-compression/lib/image-compression.js","statementMap":{"0":{"start":{"line":25,"column":17},"end":{"line":25,"column":18}},"1":{"start":{"line":28,"column":4},"end":{"line":28,"column":19}},"2":{"start":{"line":29,"column":4},"end":{"line":31,"column":5}},"3":{"start":{"line":30,"column":6},"end":{"line":30,"column":49}},"4":{"start":{"line":35,"column":4},"end":{"line":35,"column":51}},"5":{"start":{"line":36,"column":4},"end":{"line":38,"column":5}},"6":{"start":{"line":37,"column":6},"end":{"line":37,"column":34}},"7":{"start":{"line":41,"column":24},"end":{"line":41,"column":50}},"8":{"start":{"line":43,"column":22},"end":{"line":43,"column":53}},"9":{"start":{"line":45,"column":2},"end":{"line":45,"column":15}},"10":{"start":{"line":48,"column":26},"end":{"line":48,"column":54}},"11":{"start":{"line":50,"column":2},"end":{"line":50,"column":15}},"12":{"start":{"line":53,"column":38},"end":{"line":53,"column":81}},"13":{"start":{"line":55,"column":2},"end":{"line":55,"column":15}},"14":{"start":{"line":58,"column":2},"end":{"line":58,"column":85}},"15":{"start":{"line":59,"column":2},"end":{"line":59,"column":15}},"16":{"start":{"line":60,"column":33},"end":{"line":60,"column":108}},"17":{"start":{"line":61,"column":2},"end":{"line":61,"column":15}},"18":{"start":{"line":63,"column":16},"end":{"line":63,"column":17}},"19":{"start":{"line":65,"column":17},"end":{"line":65,"column":129}},"20":{"start":{"line":66,"column":2},"end":{"line":66,"column":15}},"21":{"start":{"line":68,"column":2},"end":{"line":72,"column":3}},"22":{"start":{"line":70,"column":4},"end":{"line":70,"column":20}},"23":{"start":{"line":71,"column":4},"end":{"line":71,"column":19}},"24":{"start":{"line":74,"column":23},"end":{"line":74,"column":36}},"25":{"start":{"line":75,"column":20},"end":{"line":75,"column":32}},"26":{"start":{"line":78,"column":15},"end":{"line":78,"column":37}},"27":{"start":{"line":79,"column":2},"end":{"line":97,"column":3}},"28":{"start":{"line":80,"column":21},"end":{"line":80,"column":39}},"29":{"start":{"line":81,"column":22},"end":{"line":81,"column":41}},"30":{"start":{"line":82,"column":4},"end":{"line":82,"column":62}},"31":{"start":{"line":84,"column":4},"end":{"line":84,"column":52}},"32":{"start":{"line":86,"column":4},"end":{"line":88,"column":5}},"33":{"start":{"line":87,"column":6},"end":{"line":87,"column":20}},"34":{"start":{"line":89,"column":4},"end":{"line":89,"column":120}},"35":{"start":{"line":91,"column":4},"end":{"line":91,"column":31}},"36":{"start":{"line":93,"column":4},"end":{"line":93,"column":22}},"37":{"start":{"line":95,"column":4},"end":{"line":95,"column":37}},"38":{"start":{"line":96,"column":4},"end":{"line":96,"column":108}},"39":{"start":{"line":101,"column":2},"end":{"line":101,"column":29}},"40":{"start":{"line":102,"column":2},"end":{"line":102,"column":32}},"41":{"start":{"line":103,"column":2},"end":{"line":103,"column":50}},"42":{"start":{"line":104,"column":2},"end":{"line":104,"column":45}},"43":{"start":{"line":105,"column":2},"end":{"line":105,"column":33}},"44":{"start":{"line":107,"column":2},"end":{"line":107,"column":18}},"45":{"start":{"line":108,"column":2},"end":{"line":108,"column":23}}},"fnMap":{"0":{"name":"compress","decl":{"start":{"line":24,"column":30},"end":{"line":24,"column":38}},"loc":{"start":{"line":24,"column":55},"end":{"line":109,"column":1}},"line":24},"1":{"name":"incProgress","decl":{"start":{"line":27,"column":11},"end":{"line":27,"column":22}},"loc":{"start":{"line":27,"column":33},"end":{"line":32,"column":3}},"line":27},"2":{"name":"setProgress","decl":{"start":{"line":34,"column":11},"end":{"line":34,"column":22}},"loc":{"start":{"line":34,"column":27},"end":{"line":39,"column":3}},"line":34}},"branchMap":{"0":{"loc":{"start":{"line":27,"column":24},"end":{"line":27,"column":31}},"type":"default-arg","locations":[{"start":{"line":27,"column":30},"end":{"line":27,"column":31}}],"line":27},"1":{"loc":{"start":{"line":29,"column":4},"end":{"line":31,"column":5}},"type":"if","locations":[{"start":{"line":29,"column":4},"end":{"line":31,"column":5}},{"start":{"line":29,"column":4},"end":{"line":31,"column":5}}],"line":29},"2":{"loc":{"start":{"line":36,"column":4},"end":{"line":38,"column":5}},"type":"if","locations":[{"start":{"line":36,"column":4},"end":{"line":38,"column":5}},{"start":{"line":36,"column":4},"end":{"line":38,"column":5}}],"line":36},"3":{"loc":{"start":{"line":41,"column":24},"end":{"line":41,"column":50}},"type":"binary-expr","locations":[{"start":{"line":41,"column":24},"end":{"line":41,"column":44}},{"start":{"line":41,"column":48},"end":{"line":41,"column":50}}],"line":41},"4":{"loc":{"start":{"line":58,"column":28},"end":{"line":58,"column":85}},"type":"binary-expr","locations":[{"start":{"line":58,"column":28},"end":{"line":58,"column":51}},{"start":{"line":58,"column":55},"end":{"line":58,"column":85}}],"line":58},"5":{"loc":{"start":{"line":65,"column":60},"end":{"line":65,"column":89}},"type":"binary-expr","locations":[{"start":{"line":65,"column":60},"end":{"line":65,"column":76}},{"start":{"line":65,"column":80},"end":{"line":65,"column":89}}],"line":65},"6":{"loc":{"start":{"line":68,"column":2},"end":{"line":72,"column":3}},"type":"if","locations":[{"start":{"line":68,"column":2},"end":{"line":72,"column":3}},{"start":{"line":68,"column":2},"end":{"line":72,"column":3}}],"line":68},"7":{"loc":{"start":{"line":79,"column":9},"end":{"line":79,"column":55}},"type":"binary-expr","locations":[{"start":{"line":79,"column":9},"end":{"line":79,"column":26}},{"start":{"line":79,"column":30},"end":{"line":79,"column":55}}],"line":79},"8":{"loc":{"start":{"line":86,"column":4},"end":{"line":88,"column":5}},"type":"if","locations":[{"start":{"line":86,"column":4},"end":{"line":88,"column":5}},{"start":{"line":86,"column":4},"end":{"line":88,"column":5}}],"line":86},"9":{"loc":{"start":{"line":89,"column":51},"end":{"line":89,"column":80}},"type":"binary-expr","locations":[{"start":{"line":89,"column":51},"end":{"line":89,"column":67}},{"start":{"line":89,"column":71},"end":{"line":89,"column":80}}],"line":89}},"s":{"0":6,"1":36,"2":36,"3":0,"4":12,"5":12,"6":0,"7":6,"8":6,"9":6,"10":6,"11":6,"12":6,"13":6,"14":6,"15":6,"16":6,"17":6,"18":6,"19":6,"20":6,"21":6,"22":4,"23":4,"24":2,"25":2,"26":2,"27":2,"28":6,"29":6,"30":6,"31":6,"32":6,"33":2,"34":6,"35":6,"36":6,"37":6,"38":6,"39":2,"40":2,"41":2,"42":2,"43":2,"44":2,"45":2},"f":{"0":6,"1":36,"2":12},"b":{"0":[36],"1":[0,36],"2":[0,12],"3":[6,6],"4":[6,0],"5":[6,6],"6":[4,2],"7":[8,8],"8":[2,4],"9":[6,6]},"_coverageSchema":"1a1c01bbd47fc00a2c39e90264f33305004495a9","hash":"764e45f5b544d62d6cc1a266f120657020460cc0","contentHash":"7c585b6ebcf9bb99c6fd1fb767a978965f1cc44dfd3b7e34148c7006363d7071"}
,"/Users/donald/Project/browser-image-compression/lib/index.js": {"path":"/Users/donald/Project/browser-image-compression/lib/index.js","statementMap":{"0":{"start":{"line":35,"column":2},"end":{"line":35,"column":67}},"1":{"start":{"line":36,"column":23},"end":{"line":36,"column":95}},"2":{"start":{"line":37,"column":2},"end":{"line":37,"column":29}},"3":{"start":{"line":39,"column":2},"end":{"line":43,"column":3}},"4":{"start":{"line":40,"column":4},"end":{"line":40,"column":72}},"5":{"start":{"line":41,"column":9},"end":{"line":43,"column":3}},"6":{"start":{"line":42,"column":4},"end":{"line":42,"column":53}},"7":{"start":{"line":46,"column":22},"end":{"line":46,"column":99}},"8":{"start":{"line":54,"column":2},"end":{"line":67,"column":3}},"9":{"start":{"line":55,"column":4},"end":{"line":63,"column":5}},"10":{"start":{"line":58,"column":6},"end":{"line":58,"column":63}},"11":{"start":{"line":62,"column":6},"end":{"line":62,"column":52}},"12":{"start":{"line":66,"column":4},"end":{"line":66,"column":50}},"13":{"start":{"line":69,"column":2},"end":{"line":72,"column":16}},"14":{"start":{"line":70,"column":4},"end":{"line":70,"column":35}},"15":{"start":{"line":71,"column":4},"end":{"line":71,"column":51}},"16":{"start":{"line":74,"column":2},"end":{"line":74,"column":23}},"17":{"start":{"line":77,"column":0},"end":{"line":77,"column":56}},"18":{"start":{"line":78,"column":0},"end":{"line":78,"column":56}},"19":{"start":{"line":79,"column":0},"end":{"line":79,"column":38}},"20":{"start":{"line":80,"column":0},"end":{"line":80,"column":54}},"21":{"start":{"line":81,"column":0},"end":{"line":81,"column":52}},"22":{"start":{"line":82,"column":0},"end":{"line":82,"column":44}},"23":{"start":{"line":83,"column":0},"end":{"line":83,"column":56}},"24":{"start":{"line":84,"column":0},"end":{"line":84,"column":64}},"25":{"start":{"line":85,"column":0},"end":{"line":85,"column":62}},"26":{"start":{"line":86,"column":0},"end":{"line":86,"column":52}},"27":{"start":{"line":87,"column":0},"end":{"line":87,"column":34}}},"fnMap":{"0":{"name":"imageCompression","decl":{"start":{"line":31,"column":15},"end":{"line":31,"column":31}},"loc":{"start":{"line":31,"column":48},"end":{"line":75,"column":1}},"line":31}},"branchMap":{"0":{"loc":{"start":{"line":35,"column":22},"end":{"line":35,"column":67}},"type":"binary-expr","locations":[{"start":{"line":35,"column":22},"end":{"line":35,"column":39}},{"start":{"line":35,"column":43},"end":{"line":35,"column":67}}],"line":35},"1":{"loc":{"start":{"line":36,"column":23},"end":{"line":36,"column":95}},"type":"cond-expr","locations":[{"start":{"line":36,"column":67},"end":{"line":36,"column":87}},{"start":{"line":36,"column":90},"end":{"line":36,"column":95}}],"line":36},"2":{"loc":{"start":{"line":39,"column":2},"end":{"line":43,"column":3}},"type":"if","locations":[{"start":{"line":39,"column":2},"end":{"line":43,"column":3}},{"start":{"line":39,"column":2},"end":{"line":43,"column":3}}],"line":39},"3":{"loc":{"start":{"line":39,"column":8},"end":{"line":39,"column":58}},"type":"binary-expr","locations":[{"start":{"line":39,"column":8},"end":{"line":39,"column":28}},{"start":{"line":39,"column":32},"end":{"line":39,"column":58}}],"line":39},"4":{"loc":{"start":{"line":41,"column":9},"end":{"line":43,"column":3}},"type":"if","locations":[{"start":{"line":41,"column":9},"end":{"line":43,"column":3}},{"start":{"line":41,"column":9},"end":{"line":43,"column":3}}],"line":41},"5":{"loc":{"start":{"line":46,"column":22},"end":{"line":46,"column":99}},"type":"binary-expr","locations":[{"start":{"line":46,"column":22},"end":{"line":46,"column":62}},{"start":{"line":46,"column":66},"end":{"line":46,"column":99}}],"line":46},"6":{"loc":{"start":{"line":54,"column":2},"end":{"line":67,"column":3}},"type":"if","locations":[{"start":{"line":54,"column":2},"end":{"line":67,"column":3}},{"start":{"line":54,"column":2},"end":{"line":67,"column":3}}],"line":54},"7":{"loc":{"start":{"line":54,"column":6},"end":{"line":54,"column":66}},"type":"binary-expr","locations":[{"start":{"line":54,"column":6},"end":{"line":54,"column":18}},{"start":{"line":54,"column":22},"end":{"line":54,"column":50}},{"start":{"line":54,"column":54},"end":{"line":54,"column":66}}],"line":54}},"s":{"0":9,"1":9,"2":9,"3":9,"4":2,"5":7,"6":1,"7":6,"8":6,"9":0,"10":0,"11":0,"12":6,"13":6,"14":6,"15":6,"16":6,"17":1,"18":1,"19":1,"20":1,"21":1,"22":1,"23":1,"24":1,"25":1,"26":1,"27":1},"f":{"0":9},"b":{"0":[9,2],"1":[9,0],"2":[2,7],"3":[9,2],"4":[1,6],"5":[6,0],"6":[0,6],"7":[6,0,0]},"_coverageSchema":"1a1c01bbd47fc00a2c39e90264f33305004495a9","hash":"08dc0f3d3d0afdd647f3e3d6a70e3768e6eb4404","contentHash":"ad3addf05ecd7c104a22c0d4fd956558fe1a9ad00be5c191d9e169a26a0d2195"}
,"/Users/donald/Project/browser-image-compression/lib/utils.js": {"path":"/Users/donald/Project/browser-image-compression/lib/utils.js","statementMap":{"0":{"start":{"line":2,"column":21},"end":{"line":2,"column":144}},"1":{"start":{"line":3,"column":26},"end":{"line":3,"column":98}},"2":{"start":{"line":4,"column":32},"end":{"line":4,"column":116}},"3":{"start":{"line":13,"column":2},"end":{"line":18,"column":4}},"4":{"start":{"line":14,"column":19},"end":{"line":14,"column":41}},"5":{"start":{"line":15,"column":4},"end":{"line":15,"column":48}},"6":{"start":{"line":15,"column":26},"end":{"line":15,"column":48}},"7":{"start":{"line":16,"column":4},"end":{"line":16,"column":37}},"8":{"start":{"line":16,"column":28},"end":{"line":16,"column":37}},"9":{"start":{"line":17,"column":4},"end":{"line":17,"column":30}},"10":{"start":{"line":30,"column":2},"end":{"line":56,"column":4}},"11":{"start":{"line":31,"column":16},"end":{"line":31,"column":34}},"12":{"start":{"line":32,"column":17},"end":{"line":32,"column":43}},"13":{"start":{"line":33,"column":17},"end":{"line":33,"column":29}},"14":{"start":{"line":34,"column":12},"end":{"line":34,"column":23}},"15":{"start":{"line":35,"column":18},"end":{"line":35,"column":35}},"16":{"start":{"line":36,"column":4},"end":{"line":38,"column":5}},"17":{"start":{"line":37,"column":6},"end":{"line":37,"column":35}},"18":{"start":{"line":39,"column":17},"end":{"line":39,"column":50}},"19":{"start":{"line":40,"column":4},"end":{"line":40,"column":24}},"20":{"start":{"line":41,"column":4},"end":{"line":41,"column":36}},"21":{"start":{"line":42,"column":4},"end":{"line":42,"column":17}},"22":{"start":{"line":66,"column":2},"end":{"line":71,"column":4}},"23":{"start":{"line":67,"column":16},"end":{"line":67,"column":27}},"24":{"start":{"line":68,"column":4},"end":{"line":68,"column":35}},"25":{"start":{"line":68,"column":23},"end":{"line":68,"column":35}},"26":{"start":{"line":69,"column":4},"end":{"line":69,"column":34}},"27":{"start":{"line":69,"column":25},"end":{"line":69,"column":34}},"28":{"start":{"line":70,"column":4},"end":{"line":70,"column":17}},"29":{"start":{"line":81,"column":24},"end":{"line":81,"column":65}},"30":{"start":{"line":82,"column":2},"end":{"line":82,"column":55}},"31":{"start":{"line":83,"column":2},"end":{"line":83,"column":15}},"32":{"start":{"line":94,"column":2},"end":{"line":99,"column":3}},"33":{"start":{"line":95,"column":4},"end":{"line":95,"column":39}},"34":{"start":{"line":97,"column":20},"end":{"line":97,"column":50}},"35":{"start":{"line":98,"column":4},"end":{"line":98,"column":34}},"36":{"start":{"line":100,"column":17},"end":{"line":100,"column":39}},"37":{"start":{"line":101,"column":2},"end":{"line":101,"column":22}},"38":{"start":{"line":116,"column":2},"end":{"line":123,"column":3}},"39":{"start":{"line":117,"column":4},"end":{"line":117,"column":66}},"40":{"start":{"line":118,"column":4},"end":{"line":118,"column":24}},"41":{"start":{"line":119,"column":4},"end":{"line":119,"column":40}},"42":{"start":{"line":121,"column":20},"end":{"line":121,"column":55}},"43":{"start":{"line":122,"column":4},"end":{"line":122,"column":72}},"44":{"start":{"line":124,"column":2},"end":{"line":124,"column":13}},"45":{"start":{"line":136,"column":2},"end":{"line":173,"column":4}},"46":{"start":{"line":137,"column":19},"end":{"line":137,"column":41}},"47":{"start":{"line":138,"column":4},"end":{"line":170,"column":5}},"48":{"start":{"line":139,"column":19},"end":{"line":139,"column":48}},"49":{"start":{"line":140,"column":6},"end":{"line":142,"column":7}},"50":{"start":{"line":141,"column":8},"end":{"line":141,"column":26}},"51":{"start":{"line":143,"column":21},"end":{"line":143,"column":36}},"52":{"start":{"line":144,"column":19},"end":{"line":144,"column":20}},"53":{"start":{"line":145,"column":6},"end":{"line":168,"column":7}},"54":{"start":{"line":146,"column":8},"end":{"line":146,"column":70}},"55":{"start":{"line":146,"column":52},"end":{"line":146,"column":70}},"56":{"start":{"line":147,"column":23},"end":{"line":147,"column":52}},"57":{"start":{"line":148,"column":8},"end":{"line":148,"column":19}},"58":{"start":{"line":149,"column":8},"end":{"line":167,"column":9}},"59":{"start":{"line":150,"column":10},"end":{"line":152,"column":11}},"60":{"start":{"line":151,"column":12},"end":{"line":151,"column":30}},"61":{"start":{"line":154,"column":23},"end":{"line":154,"column":67}},"62":{"start":{"line":155,"column":10},"end":{"line":155,"column":54}},"63":{"start":{"line":156,"column":21},"end":{"line":156,"column":51}},"64":{"start":{"line":157,"column":10},"end":{"line":157,"column":21}},"65":{"start":{"line":158,"column":10},"end":{"line":162,"column":11}},"66":{"start":{"line":158,"column":23},"end":{"line":158,"column":24}},"67":{"start":{"line":159,"column":12},"end":{"line":161,"column":13}},"68":{"start":{"line":160,"column":14},"end":{"line":160,"column":75}},"69":{"start":{"line":163,"column":15},"end":{"line":167,"column":9}},"70":{"start":{"line":164,"column":10},"end":{"line":164,"column":15}},"71":{"start":{"line":166,"column":10},"end":{"line":166,"column":49}},"72":{"start":{"line":169,"column":6},"end":{"line":169,"column":24}},"73":{"start":{"line":171,"column":4},"end":{"line":171,"column":37}},"74":{"start":{"line":171,"column":28},"end":{"line":171,"column":37}},"75":{"start":{"line":172,"column":4},"end":{"line":172,"column":34}},"76":{"start":{"line":183,"column":16},"end":{"line":183,"column":28}},"77":{"start":{"line":184,"column":17},"end":{"line":184,"column":30}},"78":{"start":{"line":185,"column":27},"end":{"line":185,"column":51}},"79":{"start":{"line":187,"column":23},"end":{"line":187,"column":116}},"80":{"start":{"line":189,"column":18},"end":{"line":189,"column":24}},"81":{"start":{"line":192,"column":2},"end":{"line":204,"column":3}},"82":{"start":{"line":193,"column":4},"end":{"line":193,"column":56}},"83":{"start":{"line":194,"column":4},"end":{"line":200,"column":5}},"84":{"start":{"line":195,"column":6},"end":{"line":195,"column":40}},"85":{"start":{"line":196,"column":6},"end":{"line":196,"column":60}},"86":{"start":{"line":198,"column":6},"end":{"line":198,"column":59}},"87":{"start":{"line":199,"column":6},"end":{"line":199,"column":41}},"88":{"start":{"line":201,"column":4},"end":{"line":201,"column":66}},"89":{"start":{"line":203,"column":4},"end":{"line":203,"column":31}},"90":{"start":{"line":206,"column":2},"end":{"line":206,"column":18}},"91":{"start":{"line":218,"column":16},"end":{"line":218,"column":28}},"92":{"start":{"line":219,"column":17},"end":{"line":219,"column":30}},"93":{"start":{"line":221,"column":27},"end":{"line":221,"column":60}},"94":{"start":{"line":224,"column":2},"end":{"line":230,"column":3}},"95":{"start":{"line":225,"column":4},"end":{"line":225,"column":28}},"96":{"start":{"line":226,"column":4},"end":{"line":226,"column":28}},"97":{"start":{"line":228,"column":4},"end":{"line":228,"column":27}},"98":{"start":{"line":229,"column":4},"end":{"line":229,"column":29}},"99":{"start":{"line":233,"column":2},"end":{"line":242,"column":3}},"100":{"start":{"line":234,"column":12},"end":{"line":234,"column":49}},"101":{"start":{"line":234,"column":50},"end":{"line":234,"column":56}},"102":{"start":{"line":235,"column":12},"end":{"line":235,"column":55}},"103":{"start":{"line":235,"column":56},"end":{"line":235,"column":62}},"104":{"start":{"line":236,"column":12},"end":{"line":236,"column":50}},"105":{"start":{"line":236,"column":51},"end":{"line":236,"column":57}},"106":{"start":{"line":237,"column":12},"end":{"line":237,"column":44}},"107":{"start":{"line":237,"column":45},"end":{"line":237,"column":51}},"108":{"start":{"line":238,"column":12},"end":{"line":238,"column":50}},"109":{"start":{"line":238,"column":51},"end":{"line":238,"column":57}},"110":{"start":{"line":239,"column":12},"end":{"line":239,"column":55}},"111":{"start":{"line":239,"column":56},"end":{"line":239,"column":62}},"112":{"start":{"line":240,"column":12},"end":{"line":240,"column":49}},"113":{"start":{"line":240,"column":50},"end":{"line":240,"column":56}},"114":{"start":{"line":241,"column":13},"end":{"line":241,"column":19}},"115":{"start":{"line":244,"column":2},"end":{"line":244,"column":44}},"116":{"start":{"line":246,"column":2},"end":{"line":246,"column":29}},"117":{"start":{"line":248,"column":2},"end":{"line":248,"column":18}},"118":{"start":{"line":260,"column":2},"end":{"line":269,"column":3}},"119":{"start":{"line":261,"column":4},"end":{"line":261,"column":47}},"120":{"start":{"line":262,"column":4},"end":{"line":262,"column":33}},"121":{"start":{"line":263,"column":4},"end":{"line":265,"column":5}},"122":{"start":{"line":264,"column":6},"end":{"line":264,"column":67}},"123":{"start":{"line":267,"column":4},"end":{"line":267,"column":45}},"124":{"start":{"line":268,"column":4},"end":{"line":268,"column":33}},"125":{"start":{"line":270,"column":2},"end":{"line":270,"column":22}},"126":{"start":{"line":271,"column":2},"end":{"line":271,"column":24}},"127":{"start":{"line":272,"column":2},"end":{"line":272,"column":22}},"128":{"start":{"line":281,"column":2},"end":{"line":281,"column":18}},"129":{"start":{"line":282,"column":2},"end":{"line":282,"column":19}},"130":{"start":{"line":286,"column":0},"end":{"line":290,"column":1}},"131":{"start":{"line":287,"column":2},"end":{"line":289,"column":31}}},"fnMap":{"0":{"name":"getDataUrlFromFile","decl":{"start":{"line":12,"column":16},"end":{"line":12,"column":34}},"loc":{"start":{"line":12,"column":42},"end":{"line":19,"column":1}},"line":12},"1":{"name":"(anonymous_1)","decl":{"start":{"line":13,"column":21},"end":{"line":13,"column":22}},"loc":{"start":{"line":13,"column":42},"end":{"line":18,"column":3}},"line":13},"2":{"name":"(anonymous_2)","decl":{"start":{"line":15,"column":20},"end":{"line":15,"column":21}},"loc":{"start":{"line":15,"column":26},"end":{"line":15,"column":48}},"line":15},"3":{"name":"(anonymous_3)","decl":{"start":{"line":16,"column":21},"end":{"line":16,"column":22}},"loc":{"start":{"line":16,"column":28},"end":{"line":16,"column":37}},"line":16},"4":{"name":"getFilefromDataUrl","decl":{"start":{"line":29,"column":16},"end":{"line":29,"column":34}},"loc":{"start":{"line":29,"column":82},"end":{"line":57,"column":1}},"line":29},"5":{"name":"(anonymous_5)","decl":{"start":{"line":30,"column":21},"end":{"line":30,"column":22}},"loc":{"start":{"line":30,"column":34},"end":{"line":56,"column":3}},"line":30},"6":{"name":"loadImage","decl":{"start":{"line":65,"column":16},"end":{"line":65,"column":25}},"loc":{"start":{"line":65,"column":32},"end":{"line":72,"column":1}},"line":65},"7":{"name":"(anonymous_7)","decl":{"start":{"line":66,"column":21},"end":{"line":66,"column":22}},"loc":{"start":{"line":66,"column":42},"end":{"line":71,"column":3}},"line":66},"8":{"name":"(anonymous_8)","decl":{"start":{"line":68,"column":17},"end":{"line":68,"column":18}},"loc":{"start":{"line":68,"column":23},"end":{"line":68,"column":35}},"line":68},"9":{"name":"(anonymous_9)","decl":{"start":{"line":69,"column":18},"end":{"line":69,"column":19}},"loc":{"start":{"line":69,"column":25},"end":{"line":69,"column":34}},"line":69},"10":{"name":"drawImageInCanvas","decl":{"start":{"line":80,"column":16},"end":{"line":80,"column":33}},"loc":{"start":{"line":80,"column":40},"end":{"line":84,"column":1}},"line":80},"11":{"name":"drawFileInCanvas","decl":{"start":{"line":92,"column":22},"end":{"line":92,"column":38}},"loc":{"start":{"line":92,"column":46},"end":{"line":102,"column":1}},"line":92},"12":{"name":"canvasToFile","decl":{"start":{"line":114,"column":22},"end":{"line":114,"column":34}},"loc":{"start":{"line":114,"column":95},"end":{"line":125,"column":1}},"line":114},"13":{"name":"getExifOrientation","decl":{"start":{"line":135,"column":16},"end":{"line":135,"column":34}},"loc":{"start":{"line":135,"column":42},"end":{"line":174,"column":1}},"line":135},"14":{"name":"(anonymous_14)","decl":{"start":{"line":136,"column":21},"end":{"line":136,"column":22}},"loc":{"start":{"line":136,"column":42},"end":{"line":173,"column":3}},"line":136},"15":{"name":"(anonymous_15)","decl":{"start":{"line":138,"column":20},"end":{"line":138,"column":21}},"loc":{"start":{"line":138,"column":27},"end":{"line":170,"column":5}},"line":138},"16":{"name":"(anonymous_16)","decl":{"start":{"line":171,"column":21},"end":{"line":171,"column":22}},"loc":{"start":{"line":171,"column":28},"end":{"line":171,"column":37}},"line":171},"17":{"name":"handleMaxWidthOrHeight","decl":{"start":{"line":182,"column":16},"end":{"line":182,"column":38}},"loc":{"start":{"line":182,"column":57},"end":{"line":207,"column":1}},"line":182},"18":{"name":"followExifOrientation","decl":{"start":{"line":217,"column":16},"end":{"line":217,"column":37}},"loc":{"start":{"line":217,"column":64},"end":{"line":249,"column":1}},"line":217},"19":{"name":"getNewCanvasAndCtx","decl":{"start":{"line":257,"column":16},"end":{"line":257,"column":34}},"loc":{"start":{"line":257,"column":51},"end":{"line":273,"column":1}},"line":257},"20":{"name":"cleanupCanvasMemory","decl":{"start":{"line":280,"column":16},"end":{"line":280,"column":35}},"loc":{"start":{"line":280,"column":45},"end":{"line":283,"column":1}},"line":280},"21":{"name":"(anonymous_21)","decl":{"start":{"line":286,"column":39},"end":{"line":286,"column":40}},"loc":{"start":{"line":286,"column":56},"end":{"line":290,"column":1}},"line":286}},"branchMap":{"0":{"loc":{"start":{"line":2,"column":21},"end":{"line":2,"column":144}},"type":"binary-expr","locations":[{"start":{"line":2,"column":21},"end":{"line":2,"column":50}},{"start":{"line":2,"column":54},"end":{"line":2,"column":68}},{"start":{"line":2,"column":72},"end":{"line":2,"column":94}},{"start":{"line":2,"column":98},"end":{"line":2,"column":144}}],"line":2},"1":{"loc":{"start":{"line":3,"column":26},"end":{"line":3,"column":98}},"type":"binary-expr","locations":[{"start":{"line":3,"column":27},"end":{"line":3,"column":39}},{"start":{"line":3,"column":43},"end":{"line":3,"column":89}},{"start":{"line":3,"column":94},"end":{"line":3,"column":98}}],"line":3},"2":{"loc":{"start":{"line":4,"column":32},"end":{"line":4,"column":116}},"type":"binary-expr","locations":[{"start":{"line":4,"column":33},"end":{"line":4,"column":45}},{"start":{"line":4,"column":49},"end":{"line":4,"column":101}},{"start":{"line":4,"column":106},"end":{"line":4,"column":116}}],"line":4},"3":{"loc":{"start":{"line":29,"column":55},"end":{"line":29,"column":80}},"type":"default-arg","locations":[{"start":{"line":29,"column":70},"end":{"line":29,"column":80}}],"line":29},"4":{"loc":{"start":{"line":114,"column":82},"end":{"line":114,"column":93}},"type":"default-arg","locations":[{"start":{"line":114,"column":92},"end":{"line":114,"column":93}}],"line":114},"5":{"loc":{"start":{"line":116,"column":2},"end":{"line":123,"column":3}},"type":"if","locations":[{"start":{"line":116,"column":2},"end":{"line":123,"column":3}},{"start":{"line":116,"column":2},"end":{"line":123,"column":3}}],"line":116},"6":{"loc":{"start":{"line":116,"column":6},"end":{"line":116,"column":80}},"type":"binary-expr","locations":[{"start":{"line":116,"column":6},"end":{"line":116,"column":43}},{"start":{"line":116,"column":47},"end":{"line":116,"column":80}}],"line":116},"7":{"loc":{"start":{"line":140,"column":6},"end":{"line":142,"column":7}},"type":"if","locations":[{"start":{"line":140,"column":6},"end":{"line":142,"column":7}},{"start":{"line":140,"column":6},"end":{"line":142,"column":7}}],"line":140},"8":{"loc":{"start":{"line":146,"column":8},"end":{"line":146,"column":70}},"type":"if","locations":[{"start":{"line":146,"column":8},"end":{"line":146,"column":70}},{"start":{"line":146,"column":8},"end":{"line":146,"column":70}}],"line":146},"9":{"loc":{"start":{"line":149,"column":8},"end":{"line":167,"column":9}},"type":"if","locations":[{"start":{"line":149,"column":8},"end":{"line":167,"column":9}},{"start":{"line":149,"column":8},"end":{"line":167,"column":9}}],"line":149},"10":{"loc":{"start":{"line":150,"column":10},"end":{"line":152,"column":11}},"type":"if","locations":[{"start":{"line":150,"column":10},"end":{"line":152,"column":11}},{"start":{"line":150,"column":10},"end":{"line":152,"column":11}}],"line":150},"11":{"loc":{"start":{"line":159,"column":12},"end":{"line":161,"column":13}},"type":"if","locations":[{"start":{"line":159,"column":12},"end":{"line":161,"column":13}},{"start":{"line":159,"column":12},"end":{"line":161,"column":13}}],"line":159},"12":{"loc":{"start":{"line":163,"column":15},"end":{"line":167,"column":9}},"type":"if","locations":[{"start":{"line":163,"column":15},"end":{"line":167,"column":9}},{"start":{"line":163,"column":15},"end":{"line":167,"column":9}}],"line":163},"13":{"loc":{"start":{"line":187,"column":23},"end":{"line":187,"column":116}},"type":"binary-expr","locations":[{"start":{"line":187,"column":23},"end":{"line":187,"column":57}},{"start":{"line":187,"column":62},"end":{"line":187,"column":86}},{"start":{"line":187,"column":90},"end":{"line":187,"column":115}}],"line":187},"14":{"loc":{"start":{"line":192,"column":2},"end":{"line":204,"column":3}},"type":"if","locations":[{"start":{"line":192,"column":2},"end":{"line":204,"column":3}},{"start":{"line":192,"column":2},"end":{"line":204,"column":3}}],"line":192},"15":{"loc":{"start":{"line":194,"column":4},"end":{"line":200,"column":5}},"type":"if","locations":[{"start":{"line":194,"column":4},"end":{"line":200,"column":5}},{"start":{"line":194,"column":4},"end":{"line":200,"column":5}}],"line":194},"16":{"loc":{"start":{"line":224,"column":2},"end":{"line":230,"column":3}},"type":"if","locations":[{"start":{"line":224,"column":2},"end":{"line":230,"column":3}},{"start":{"line":224,"column":2},"end":{"line":230,"column":3}}],"line":224},"17":{"loc":{"start":{"line":224,"column":6},"end":{"line":224,"column":48}},"type":"binary-expr","locations":[{"start":{"line":224,"column":6},"end":{"line":224,"column":25}},{"start":{"line":224,"column":29},"end":{"line":224,"column":48}}],"line":224},"18":{"loc":{"start":{"line":233,"column":2},"end":{"line":242,"column":3}},"type":"switch","locations":[{"start":{"line":234,"column":4},"end":{"line":234,"column":56}},{"start":{"line":235,"column":4},"end":{"line":235,"column":62}},{"start":{"line":236,"column":4},"end":{"line":236,"column":57}},{"start":{"line":237,"column":4},"end":{"line":237,"column":51}},{"start":{"line":238,"column":4},"end":{"line":238,"column":57}},{"start":{"line":239,"column":4},"end":{"line":239,"column":62}},{"start":{"line":240,"column":4},"end":{"line":240,"column":56}},{"start":{"line":241,"column":4},"end":{"line":241,"column":19}}],"line":233},"19":{"loc":{"start":{"line":263,"column":4},"end":{"line":265,"column":5}},"type":"if","locations":[{"start":{"line":263,"column":4},"end":{"line":265,"column":5}},{"start":{"line":263,"column":4},"end":{"line":265,"column":5}}],"line":263},"20":{"loc":{"start":{"line":286,"column":19},"end":{"line":290,"column":1}},"type":"binary-expr","locations":[{"start":{"line":286,"column":19},"end":{"line":286,"column":35}},{"start":{"line":286,"column":39},"end":{"line":290,"column":1}}],"line":286},"21":{"loc":{"start":{"line":287,"column":9},"end":{"line":289,"column":31}},"type":"binary-expr","locations":[{"start":{"line":287,"column":9},"end":{"line":287,"column":34}},{"start":{"line":288,"column":4},"end":{"line":288,"column":19}},{"start":{"line":289,"column":4},"end":{"line":289,"column":31}}],"line":287}},"s":{"0":1,"1":1,"2":1,"3":13,"4":13,"5":13,"6":13,"7":13,"8":0,"9":13,"10":14,"11":14,"12":14,"13":14,"14":14,"15":14,"16":14,"17":18315383,"18":14,"19":14,"20":14,"21":14,"22":13,"23":13,"24":13,"25":13,"26":13,"27":0,"28":13,"29":12,"30":12,"31":12,"32":11,"33":11,"34":11,"35":11,"36":11,"37":11,"38":12,"39":0,"40":0,"41":0,"42":12,"43":12,"44":12,"45":1,"46":1,"47":1,"48":1,"49":1,"50":1,"51":0,"52":0,"53":0,"54":0,"55":0,"56":0,"57":0,"58":0,"59":0,"60":0,"61":0,"62":0,"63":0,"64":0,"65":0,"66":0,"67":0,"68":0,"69":0,"70":0,"71":0,"72":0,"73":1,"74":0,"75":1,"76":6,"77":6,"78":6,"79":6,"80":6,"81":6,"82":4,"83":4,"84":2,"85":2,"86":2,"87":2,"88":4,"89":4,"90":6,"91":6,"92":6,"93":6,"94":6,"95":0,"96":0,"97":6,"98":6,"99":6,"100":0,"101":0,"102":0,"103":0,"104":0,"105":0,"106":0,"107":0,"108":0,"109":0,"110":0,"111":0,"112":0,"113":0,"114":6,"115":6,"116":6,"117":6,"118":28,"119":28,"120":0,"121":0,"122":0,"123":28,"124":28,"125":28,"126":28,"127":28,"128":26,"129":26,"130":1,"131":0},"f":{"0":13,"1":13,"2":13,"3":0,"4":14,"5":14,"6":13,"7":13,"8":13,"9":0,"10":12,"11":11,"12":12,"13":1,"14":1,"15":1,"16":0,"17":6,"18":6,"19":28,"20":26,"21":0},"b":{"0":[1,1,0,0],"1":[1,0,1],"2":[1,0,1],"3":[2],"4":[0],"5":[0,12],"6":[12,0],"7":[1,0],"8":[0,0],"9":[0,0],"10":[0,0],"11":[0,0],"12":[0,0],"13":[6,4,0],"14":[4,2],"15":[2,2],"16":[0,6],"17":[6,0],"18":[0,0,0,0,0,0,0,6],"19":[0,0],"20":[1,0],"21":[0,0,0]},"_coverageSchema":"1a1c01bbd47fc00a2c39e90264f33305004495a9","hash":"cf301b2f6496a176e3e63ed417595fd20cab7995","contentHash":"c6d961e23795044fc7d7535f0c350f61551081392485536ec671258751fb4636"}
}
