TN:
SF:lib/image-compression.js
FN:24,compress
FN:27,incProgress
FN:34,setProgress
FNF:3
FNH:3
FNDA:6,compress
FNDA:36,incProgress
FNDA:12,setProgress
DA:25,6
DA:28,36
DA:29,36
DA:30,0
DA:35,12
DA:36,12
DA:37,0
DA:41,6
DA:43,6
DA:45,6
DA:48,6
DA:50,6
DA:53,6
DA:55,6
DA:58,6
DA:59,6
DA:60,6
DA:61,6
DA:63,6
DA:65,6
DA:66,6
DA:68,6
DA:70,4
DA:71,4
DA:74,2
DA:75,2
DA:78,2
DA:79,2
DA:80,6
DA:81,6
DA:82,6
DA:84,6
DA:86,6
DA:87,2
DA:89,6
DA:91,6
DA:93,6
DA:95,6
DA:96,6
DA:101,2
DA:102,2
DA:103,2
DA:104,2
DA:105,2
DA:107,2
DA:108,2
LF:46
LH:44
BRDA:27,0,0,36
BRDA:29,1,0,0
BRDA:29,1,1,36
BRDA:36,2,0,0
BRDA:36,2,1,12
BRDA:41,3,0,6
BRDA:41,3,1,6
BRDA:58,4,0,6
BRDA:58,4,1,0
BRDA:65,5,0,6
BRDA:65,5,1,6
BRDA:68,6,0,4
BRDA:68,6,1,2
BRDA:79,7,0,8
BRDA:79,7,1,8
BRDA:86,8,0,2
BRDA:86,8,1,4
BRDA:89,9,0,6
BRDA:89,9,1,6
BRF:19
BRH:16
end_of_record
TN:
SF:lib/index.js
FN:31,imageCompression
FNF:1
FNH:1
FNDA:9,imageCompression
DA:35,9
DA:36,9
DA:37,9
DA:39,9
DA:40,2
DA:41,7
DA:42,1
DA:46,6
DA:54,6
DA:55,0
DA:58,0
DA:62,0
DA:66,6
DA:69,6
DA:70,6
DA:71,6
DA:74,6
DA:77,1
DA:78,1
DA:79,1
DA:80,1
DA:81,1
DA:82,1
DA:83,1
DA:84,1
DA:85,1
DA:86,1
DA:87,1
LF:28
LH:25
BRDA:35,0,0,9
BRDA:35,0,1,2
BRDA:36,1,0,9
BRDA:36,1,1,0
BRDA:39,2,0,2
BRDA:39,2,1,7
BRDA:39,3,0,9
BRDA:39,3,1,2
BRDA:41,4,0,1
BRDA:41,4,1,6
BRDA:46,5,0,6
BRDA:46,5,1,0
BRDA:54,6,0,0
BRDA:54,6,1,6
BRDA:54,7,0,6
BRDA:54,7,1,0
BRDA:54,7,2,0
BRF:17
BRH:12
end_of_record
TN:
SF:lib/utils.js
FN:14,getDataUrlFromFile
FN:15,(anonymous_1)
FN:17,(anonymous_2)
FN:18,(anonymous_3)
FN:31,getFilefromDataUrl
FN:32,(anonymous_5)
FN:67,loadImage
FN:68,(anonymous_7)
FN:70,(anonymous_8)
FN:71,(anonymous_9)
FN:82,drawImageInCanvas
FN:94,drawFileInCanvas
FN:116,canvasToFile
FN:137,getExifOrientation
FN:138,(anonymous_14)
FN:140,(anonymous_15)
FN:173,(anonymous_16)
FN:184,handleMaxWidthOrHeight
FN:219,followExifOrientation
FN:259,getNewCanvasAndCtx
FN:282,cleanupCanvasMemory
FN:289,(anonymous_21)
FNF:22
FNH:18
FNDA:13,getDataUrlFromFile
FNDA:13,(anonymous_1)
FNDA:13,(anonymous_2)
FNDA:0,(anonymous_3)
FNDA:14,getFilefromDataUrl
FNDA:14,(anonymous_5)
FNDA:13,loadImage
FNDA:13,(anonymous_7)
FNDA:13,(anonymous_8)
FNDA:0,(anonymous_9)
FNDA:12,drawImageInCanvas
FNDA:11,drawFileInCanvas
FNDA:12,canvasToFile
FNDA:1,getExifOrientation
FNDA:1,(anonymous_14)
FNDA:1,(anonymous_15)
FNDA:0,(anonymous_16)
FNDA:6,handleMaxWidthOrHeight
FNDA:6,followExifOrientation
FNDA:28,getNewCanvasAndCtx
FNDA:26,cleanupCanvasMemory
FNDA:0,(anonymous_21)
DA:1,1
DA:4,1
DA:5,1
DA:6,1
DA:15,13
DA:16,13
DA:17,13
DA:18,13
DA:19,13
DA:32,14
DA:33,14
DA:34,14
DA:35,14
DA:36,14
DA:37,14
DA:38,14
DA:39,18315383
DA:41,14
DA:42,14
DA:43,14
DA:44,14
DA:68,13
DA:69,13
DA:70,13
DA:71,13
DA:72,13
DA:83,12
DA:84,12
DA:85,12
DA:96,11
DA:97,11
DA:99,11
DA:100,11
DA:102,11
DA:103,11
DA:118,12
DA:119,0
DA:120,0
DA:121,0
DA:123,12
DA:124,12
DA:126,12
DA:138,1
DA:139,1
DA:140,1
DA:141,1
DA:142,1
DA:143,1
DA:145,0
DA:146,0
DA:147,0
DA:148,0
DA:149,0
DA:150,0
DA:151,0
DA:152,0
DA:153,0
DA:156,0
DA:157,0
DA:158,0
DA:159,0
DA:160,0
DA:161,0
DA:162,0
DA:165,0
DA:166,0
DA:168,0
DA:171,0
DA:173,1
DA:174,1
DA:185,6
DA:186,6
DA:187,6
DA:189,6
DA:191,6
DA:194,6
DA:195,4
DA:196,4
DA:197,2
DA:198,2
DA:200,2
DA:201,2
DA:203,4
DA:205,4
DA:208,6
DA:220,6
DA:221,6
DA:223,6
DA:226,6
DA:227,0
DA:228,0
DA:230,6
DA:231,6
DA:235,6
DA:236,0
DA:237,0
DA:238,0
DA:239,0
DA:240,0
DA:241,0
DA:242,0
DA:243,6
DA:246,6
DA:248,6
DA:250,6
DA:262,28
DA:263,28
DA:264,0
DA:265,0
DA:266,0
DA:269,28
DA:270,28
DA:272,28
DA:273,28
DA:274,28
DA:283,26
DA:284,26
DA:287,1
DA:289,1
DA:290,0
LF:120
LH:84
BRDA:4,0,0,1
BRDA:4,0,1,1
BRDA:4,0,2,0
BRDA:4,0,3,0
BRDA:5,1,0,1
BRDA:5,1,1,1
BRDA:5,1,2,0
BRDA:5,1,3,1
BRDA:6,2,0,1
BRDA:6,2,1,1
BRDA:6,2,2,0
BRDA:6,2,3,1
BRDA:31,3,0,2
BRDA:116,4,0,0
BRDA:118,5,0,0
BRDA:118,5,1,12
BRDA:118,6,0,12
BRDA:118,6,1,0
BRDA:142,7,0,1
BRDA:142,7,1,0
BRDA:148,8,0,0
BRDA:148,8,1,0
BRDA:151,9,0,0
BRDA:151,9,1,0
BRDA:152,10,0,0
BRDA:152,10,1,0
BRDA:161,11,0,0
BRDA:161,11,1,0
BRDA:165,12,0,0
BRDA:165,12,1,0
BRDA:189,13,0,6
BRDA:189,13,1,4
BRDA:189,13,2,0
BRDA:194,14,0,4
BRDA:194,14,1,2
BRDA:196,15,0,2
BRDA:196,15,1,2
BRDA:226,16,0,0
BRDA:226,16,1,6
BRDA:226,17,0,6
BRDA:226,17,1,0
BRDA:235,18,0,0
BRDA:235,18,1,0
BRDA:235,18,2,0
BRDA:235,18,3,0
BRDA:235,18,4,0
BRDA:235,18,5,0
BRDA:235,18,6,0
BRDA:235,18,7,6
BRDA:265,19,0,0
BRDA:265,19,1,0
BRDA:287,20,0,1
BRDA:287,20,1,0
BRDA:289,21,0,1
BRDA:289,21,1,0
BRDA:290,22,0,0
BRDA:290,22,1,0
BRDA:290,22,2,0
BRF:58
BRH:23
end_of_record
