TN:
SF:lib\image-compression.js
FN:27,compress
FN:30,incProgress
FN:35,setProgress
FNF:3
FNH:3
FNDA:6,compress
FNDA:36,incProgress
FNDA:9,setProgress
DA:28,6
DA:31,36
DA:32,36
DA:36,9
DA:37,9
DA:40,6
DA:42,6
DA:44,6
DA:47,6
DA:49,6
DA:52,6
DA:54,6
DA:57,6
DA:58,6
DA:59,6
DA:60,6
DA:62,6
DA:64,6
DA:65,6
DA:67,6
DA:68,6
DA:70,6
DA:71,6
DA:76,6
DA:78,4
DA:79,4
DA:82,2
DA:83,2
DA:84,2
DA:87,2
DA:88,2
DA:89,3
DA:90,3
DA:93,3
DA:95,3
DA:97,3
DA:98,3
DA:100,3
DA:102,3
DA:104,3
DA:106,3
DA:107,3
DA:109,2
DA:110,1
DA:111,1
DA:112,1
DA:115,2
DA:116,2
DA:117,2
DA:118,2
DA:119,2
DA:121,2
DA:122,2
LF:53
LH:53
BRDA:30,0,0,36
BRDA:40,1,0,6
BRDA:40,1,1,6
BRDA:57,2,0,6
BRDA:57,2,1,0
BRDA:59,3,0,0
BRDA:59,3,1,6
BRDA:62,4,0,6
BRDA:62,4,1,6
BRDA:65,5,0,6
BRDA:65,5,1,6
BRDA:76,6,0,4
BRDA:76,6,1,2
BRDA:76,7,0,6
BRDA:76,7,1,4
BRDA:88,8,0,5
BRDA:88,8,1,5
BRDA:88,8,2,2
BRDA:89,9,0,3
BRDA:89,9,1,0
BRDA:90,10,0,3
BRDA:90,10,1,0
BRDA:97,11,0,3
BRDA:97,11,1,0
BRDA:109,12,0,1
BRDA:109,12,1,1
BRF:26
BRH:21
end_of_record
TN:
SF:lib\index.js
FN:31,imageCompression
FN:39,(anonymous_1)
FNF:2
FNH:2
FNDA:9,imageCompression
FNDA:45,(anonymous_1)
DA:35,9
DA:36,9
DA:37,9
DA:38,9
DA:39,9
DA:42,9
DA:43,2
DA:44,7
DA:45,1
DA:49,6
DA:57,6
DA:58,0
DA:61,0
DA:65,0
DA:69,6
DA:72,6
DA:73,6
DA:74,6
DA:77,6
DA:80,1
DA:81,1
DA:82,1
DA:83,1
DA:84,1
DA:85,1
DA:86,1
DA:88,1
DA:89,1
DA:90,1
DA:91,1
LF:30
LH:27
BRDA:35,0,0,9
BRDA:35,0,1,2
BRDA:36,1,0,9
BRDA:36,1,1,0
BRDA:38,2,0,9
BRDA:38,2,1,0
BRDA:42,3,0,2
BRDA:42,3,1,7
BRDA:42,4,0,9
BRDA:42,4,1,2
BRDA:44,5,0,1
BRDA:44,5,1,6
BRDA:49,6,0,6
BRDA:49,6,1,0
BRDA:57,7,0,0
BRDA:57,7,1,6
BRDA:57,8,0,6
BRDA:57,8,1,0
BRDA:57,8,2,0
BRF:19
BRH:13
end_of_record
TN:
SF:lib\utils.js
FN:10,(anonymous_0)
FN:38,getDataUrlFromFile
FN:39,(anonymous_2)
FN:41,(anonymous_3)
FN:42,(anonymous_4)
FN:55,getFilefromDataUrl
FN:56,(anonymous_6)
FN:91,loadImage
FN:92,(anonymous_8)
FN:94,(anonymous_9)
FN:95,(anonymous_10)
FN:106,drawImageInCanvas
FN:118,drawFileInCanvas
FN:140,canvasToFile
FN:164,getExifOrientation
FN:165,(anonymous_15)
FN:167,(anonymous_16)
FN:200,(anonymous_17)
FN:211,handleMaxWidthOrHeight
FN:246,followExifOrientation
FN:301,getNewCanvasAndCtx
FN:324,cleanupCanvasMemory
FN:333,(anonymous_22)
FNF:23
FNH:19
FNDA:1,(anonymous_0)
FNDA:15,getDataUrlFromFile
FNDA:15,(anonymous_2)
FNDA:15,(anonymous_3)
FNDA:0,(anonymous_4)
FNDA:13,getFilefromDataUrl
FNDA:13,(anonymous_6)
FNDA:15,loadImage
FNDA:15,(anonymous_8)
FNDA:15,(anonymous_9)
FNDA:0,(anonymous_10)
FNDA:13,drawImageInCanvas
FNDA:12,drawFileInCanvas
FNDA:10,canvasToFile
FNDA:1,getExifOrientation
FNDA:1,(anonymous_15)
FNDA:1,(anonymous_16)
FNDA:0,(anonymous_17)
FNDA:6,handleMaxWidthOrHeight
FNDA:6,followExifOrientation
FNDA:26,getNewCanvasAndCtx
FNDA:24,cleanupCanvasMemory
FNDA:0,(anonymous_22)
DA:1,1
DA:4,1
DA:5,1
DA:6,1
DA:10,1
DA:14,1
DA:20,1
DA:22,1
DA:23,1
DA:24,1
DA:25,1
DA:26,1
DA:29,1
DA:39,15
DA:40,15
DA:41,15
DA:42,15
DA:43,15
DA:56,13
DA:57,13
DA:58,13
DA:59,13
DA:60,13
DA:61,13
DA:62,13
DA:63,14677733
DA:65,13
DA:66,13
DA:67,13
DA:68,13
DA:92,15
DA:93,15
DA:94,15
DA:95,15
DA:96,15
DA:107,13
DA:108,13
DA:109,13
DA:120,12
DA:121,12
DA:123,12
DA:124,12
DA:126,12
DA:127,12
DA:142,10
DA:143,0
DA:144,0
DA:145,0
DA:150,10
DA:151,10
DA:153,10
DA:165,1
DA:166,1
DA:167,1
DA:168,1
DA:169,1
DA:170,1
DA:172,0
DA:173,0
DA:174,0
DA:175,0
DA:176,0
DA:177,0
DA:178,0
DA:179,0
DA:180,0
DA:183,0
DA:184,0
DA:185,0
DA:186,0
DA:187,0
DA:188,0
DA:189,0
DA:192,0
DA:193,0
DA:195,0
DA:198,0
DA:200,1
DA:201,1
DA:212,6
DA:213,6
DA:214,6
DA:216,6
DA:218,6
DA:221,6
DA:222,4
DA:223,4
DA:224,2
DA:225,2
DA:227,2
DA:228,2
DA:230,4
DA:232,4
DA:235,6
DA:247,6
DA:248,6
DA:250,6
DA:253,6
DA:254,0
DA:255,0
DA:257,6
DA:258,6
DA:262,6
DA:264,0
DA:265,0
DA:267,0
DA:268,0
DA:270,0
DA:271,0
DA:273,0
DA:274,0
DA:276,0
DA:277,0
DA:279,0
DA:280,0
DA:282,0
DA:283,0
DA:285,6
DA:288,6
DA:290,6
DA:292,6
DA:304,26
DA:305,26
DA:306,0
DA:307,0
DA:308,0
DA:311,26
DA:312,26
DA:314,26
DA:315,26
DA:316,26
DA:327,24
DA:328,24
DA:331,1
DA:333,1
DA:334,0
LF:136
LH:93
BRDA:4,0,0,1
BRDA:4,0,1,1
BRDA:4,0,2,0
BRDA:4,0,3,0
BRDA:5,1,0,1
BRDA:5,1,1,1
BRDA:5,1,2,0
BRDA:5,1,3,1
BRDA:6,2,0,1
BRDA:6,2,1,1
BRDA:6,2,2,0
BRDA:6,2,3,1
BRDA:10,3,0,1
BRDA:10,3,1,1
BRDA:29,4,0,1
BRDA:29,4,1,0
BRDA:55,5,0,2
BRDA:140,6,0,1
BRDA:142,7,0,0
BRDA:142,7,1,10
BRDA:142,8,0,10
BRDA:142,8,1,0
BRDA:169,9,0,1
BRDA:169,9,1,0
BRDA:175,10,0,0
BRDA:175,10,1,0
BRDA:178,11,0,0
BRDA:178,11,1,0
BRDA:179,12,0,0
BRDA:179,12,1,0
BRDA:188,13,0,0
BRDA:188,13,1,0
BRDA:192,14,0,0
BRDA:192,14,1,0
BRDA:216,15,0,6
BRDA:216,15,1,4
BRDA:216,15,2,0
BRDA:221,16,0,4
BRDA:221,16,1,2
BRDA:223,17,0,2
BRDA:223,17,1,2
BRDA:253,18,0,0
BRDA:253,18,1,6
BRDA:253,19,0,6
BRDA:253,19,1,0
BRDA:262,20,0,0
BRDA:262,20,1,0
BRDA:262,20,2,0
BRDA:262,20,3,0
BRDA:262,20,4,0
BRDA:262,20,5,0
BRDA:262,20,6,0
BRDA:262,20,7,6
BRDA:307,21,0,0
BRDA:307,21,1,0
BRDA:331,22,0,1
BRDA:331,22,1,0
BRDA:333,23,0,1
BRDA:333,23,1,0
BRDA:334,24,0,0
BRDA:334,24,1,0
BRDA:334,24,2,0
BRF:62
BRH:27
end_of_record
